<?xml version="1.0" encoding="UTF-8"?>
<testng-results ignored="0" total="7" passed="7" failed="0" skipped="0">
  <reporter-output>
  </reporter-output>
  <suite started-at="2024-12-05T16:49:45 IST" name="FrameworkAPiSuite" finished-at="2024-12-05T16:50:09 IST" duration-ms="23113">
    <groups>
    </groups>
    <test started-at="2024-12-05T16:49:45 IST" name="Create user test" finished-at="2024-12-05T16:49:50 IST" duration-ms="4681">
      <class name="com.qa.api.test.CreateUserTest">
        <test-method is-config="true" signature="Setup()[pri:0, instance:com.qa.api.test.CreateUserTest@6c130c45]" started-at="2024-12-05T16:49:45 IST" name="Setup" finished-at="2024-12-05T16:49:46 IST" duration-ms="467" status="PASS">
          <reporter-output>
          </reporter-output>
        </test-method> <!-- Setup -->
        <test-method signature="CreateUserTestMethod()[pri:0, instance:com.qa.api.test.CreateUserTest@6c130c45]" started-at="2024-12-05T16:49:46 IST" name="CreateUserTestMethod" finished-at="2024-12-05T16:49:49 IST" duration-ms="2764" status="PASS">
          <reporter-output>
          </reporter-output>
        </test-method> <!-- CreateUserTestMethod -->
        <test-method is-config="true" signature="Setup()[pri:0, instance:com.qa.api.test.CreateUserTest@6c130c45]" started-at="2024-12-05T16:49:49 IST" name="Setup" finished-at="2024-12-05T16:49:49 IST" duration-ms="1" status="PASS">
          <reporter-output>
          </reporter-output>
        </test-method> <!-- Setup -->
        <test-method signature="createUserWithBuillder()[pri:0, instance:com.qa.api.test.CreateUserTest@6c130c45]" started-at="2024-12-05T16:49:49 IST" name="createUserWithBuillder" finished-at="2024-12-05T16:49:50 IST" duration-ms="1412" status="PASS">
          <reporter-output>
          </reporter-output>
        </test-method> <!-- createUserWithBuillder -->
      </class> <!-- com.qa.api.test.CreateUserTest -->
    </test> <!-- Create user test -->
    <test started-at="2024-12-05T16:49:50 IST" name="get user test" finished-at="2024-12-05T16:49:53 IST" duration-ms="3219">
      <class name="com.qa.api.test.GetUserTest">
        <test-method is-config="true" signature="Setup()[pri:0, instance:com.qa.api.test.GetUserTest@28f3b248]" started-at="2024-12-05T16:49:50 IST" name="Setup" finished-at="2024-12-05T16:49:50 IST" duration-ms="1" status="PASS">
          <reporter-output>
          </reporter-output>
        </test-method> <!-- Setup -->
        <test-method signature="getSingleUserTest()[pri:0, instance:com.qa.api.test.GetUserTest@28f3b248]" started-at="2024-12-05T16:49:50 IST" name="getSingleUserTest" finished-at="2024-12-05T16:49:52 IST" duration-ms="1552" status="PASS">
          <reporter-output>
          </reporter-output>
        </test-method> <!-- getSingleUserTest -->
        <test-method is-config="true" signature="Setup()[pri:0, instance:com.qa.api.test.GetUserTest@28f3b248]" started-at="2024-12-05T16:49:52 IST" name="Setup" finished-at="2024-12-05T16:49:52 IST" duration-ms="1" status="PASS">
          <reporter-output>
          </reporter-output>
        </test-method> <!-- Setup -->
        <test-method signature="getUsersTest()[pri:0, instance:com.qa.api.test.GetUserTest@28f3b248]" started-at="2024-12-05T16:49:52 IST" name="getUsersTest" finished-at="2024-12-05T16:49:53 IST" duration-ms="1659" status="PASS">
          <reporter-output>
          </reporter-output>
        </test-method> <!-- getUsersTest -->
      </class> <!-- com.qa.api.test.GetUserTest -->
    </test> <!-- get user test -->
    <test started-at="2024-12-05T16:49:53 IST" name="Put user test" finished-at="2024-12-05T16:49:57 IST" duration-ms="3996">
      <class name="com.qa.api.test.PUTUserTest">
        <test-method is-config="true" signature="Setup()[pri:0, instance:com.qa.api.test.PUTUserTest@67c33749]" started-at="2024-12-05T16:49:53 IST" name="Setup" finished-at="2024-12-05T16:49:53 IST" duration-ms="1" status="PASS">
          <reporter-output>
          </reporter-output>
        </test-method> <!-- Setup -->
        <test-method signature="createUserWithBuillder()[pri:0, instance:com.qa.api.test.PUTUserTest@67c33749]" started-at="2024-12-05T16:49:53 IST" name="createUserWithBuillder" finished-at="2024-12-05T16:49:57 IST" duration-ms="3993" status="PASS">
          <reporter-output>
          </reporter-output>
        </test-method> <!-- createUserWithBuillder -->
      </class> <!-- com.qa.api.test.PUTUserTest -->
    </test> <!-- Put user test -->
    <test started-at="2024-12-05T16:49:57 IST" name="Patch user test" finished-at="2024-12-05T16:50:02 IST" duration-ms="4253">
      <class name="com.qa.api.test.PATCHuserTest">
        <test-method is-config="true" signature="Setup()[pri:0, instance:com.qa.api.test.PATCHuserTest@505fc5a4]" started-at="2024-12-05T16:49:57 IST" name="Setup" finished-at="2024-12-05T16:49:57 IST" duration-ms="1" status="PASS">
          <reporter-output>
          </reporter-output>
        </test-method> <!-- Setup -->
        <test-method signature="createUserWithBuillder()[pri:0, instance:com.qa.api.test.PATCHuserTest@505fc5a4]" started-at="2024-12-05T16:49:57 IST" name="createUserWithBuillder" finished-at="2024-12-05T16:50:02 IST" duration-ms="4250" status="PASS">
          <reporter-output>
          </reporter-output>
        </test-method> <!-- createUserWithBuillder -->
      </class> <!-- com.qa.api.test.PATCHuserTest -->
    </test> <!-- Patch user test -->
    <test started-at="2024-12-05T16:50:02 IST" name="Delete user test" finished-at="2024-12-05T16:50:09 IST" duration-ms="6877">
      <class name="com.qa.api.test.DeleteUserTest">
        <test-method is-config="true" signature="Setup()[pri:0, instance:com.qa.api.test.DeleteUserTest@71def8f8]" started-at="2024-12-05T16:50:02 IST" name="Setup" finished-at="2024-12-05T16:50:02 IST" duration-ms="1" status="PASS">
          <reporter-output>
          </reporter-output>
        </test-method> <!-- Setup -->
        <test-method signature="createUserWithBuillder()[pri:0, instance:com.qa.api.test.DeleteUserTest@71def8f8]" started-at="2024-12-05T16:50:02 IST" name="createUserWithBuillder" finished-at="2024-12-05T16:50:09 IST" duration-ms="6874" status="PASS">
          <reporter-output>
          </reporter-output>
        </test-method> <!-- createUserWithBuillder -->
      </class> <!-- com.qa.api.test.DeleteUserTest -->
    </test> <!-- Delete user test -->
  </suite> <!-- FrameworkAPiSuite -->
</testng-results>
