<?xml version="1.0" encoding="UTF-8"?>
<!-- Generated by org.testng.reporters.JUnitReportReporter -->
<testsuite hostname="DESKTOP-MIR5C8P" failures="0" tests="2" name="com.qa.api.test.CreateUserTest" time="4.644" errors="0" timestamp="2024-12-05T16:50:09 IST" skipped="0">
  <testcase classname="com.qa.api.test.CreateUserTest" name="CreateUserTestMethod" time="2.765"/>
  <testcase classname="com.qa.api.test.CreateUserTest" name="createUserWithBuillder" time="1.879"/>
</testsuite> <!-- com.qa.api.test.CreateUserTest -->
