<?xml version="1.0" encoding="UTF-8"?>
<!-- Generated by org.testng.reporters.JUnitReportReporter -->
<testsuite hostname="DESKTOP-MIR5C8P" failures="0" tests="2" name="com.qa.api.test.GetUserTest" time="3.213" errors="0" timestamp="2024-12-05T16:50:09 IST" skipped="0">
  <testcase classname="com.qa.api.test.GetUserTest" name="getSingleUserTest" time="1.553"/>
  <testcase classname="com.qa.api.test.GetUserTest" name="getUsersTest" time="1.660"/>
</testsuite> <!-- com.qa.api.test.GetUserTest -->
